<?xml version="1.0" encoding="UTF-8"?>
<!-- Generated by org.testng.reporters.JUnitReportReporter -->
<testsuite hostname="Thanh-Binhs-MacBook-Pro.local" failures="0" tests="3" name="com.nopcommerce.user.Level_08_Switch_Page" time="7.281" errors="0" timestamp="29 Jul 2023 04:17:52 GMT" skipped="0">
  <testcase classname="com.nopcommerce.user.Level_08_Switch_Page" name="User_01_Register_Success" time="2.190"/>
  <testcase classname="com.nopcommerce.user.Level_08_Switch_Page" name="User_02_Login_Success" time="2.309"/>
  <testcase classname="com.nopcommerce.user.Level_08_Switch_Page" name="User_03_Switch_Multiple_Page" time="2.782"/>
</testsuite> <!-- com.nopcommerce.user.Level_08_Switch_Page -->
