<?xml version="1.0" encoding="UTF-8"?>
<!-- Generated by org.testng.reporters.JUnitReportReporter -->
<testsuite hostname="Thanh-Binhs-MBP" failures="0" tests="3" name="com.nopcommerce.user.Level_09_Page_Navigation" time="10.041" errors="0" timestamp="31 Jul 2023 14:32:59 GMT" skipped="0">
  <testcase classname="com.nopcommerce.user.Level_09_Page_Navigation" name="User_02_Login_Success" time="3.390"/>
  <testcase classname="com.nopcommerce.user.Level_09_Page_Navigation" name="User_03_Switch_Multiple_Page" time="4.280"/>
  <testcase classname="com.nopcommerce.user.Level_09_Page_Navigation" name="User_01_Register_Success" time="2.371"/>
</testsuite> <!-- com.nopcommerce.user.Level_09_Page_Navigation -->
