<?xml version="1.0" encoding="UTF-8"?>
<!-- Generated by org.testng.reporters.JUnitReportReporter -->
<testsuite hostname="LMVNHCP56KHG3DK6" failures="0" tests="1" name="javaBasic.Topic_08_For_Foreach_Exercise" time="0.007" errors="0" timestamp="07 Jun 2023 14:48:54 GMT" skipped="0">
  <testcase classname="javaBasic.Topic_08_For_Foreach_Exercise" name="TC_07_Exercise_07" time="0.007"/>
</testsuite> <!-- javaBasic.Topic_08_For_Foreach_Exercise -->
