<?xml version="1.0" encoding="UTF-8"?>
<!-- Generated by org.testng.reporters.JUnitReportReporter -->
<testsuite hostname="LMVNHCP56KHG3DK6" failures="0" tests="1" name="javaBasic.Topic_07_Switch_Case" time="9.777" errors="0" timestamp="04 Jun 2023 04:17:47 GMT" skipped="0">
  <testcase classname="javaBasic.Topic_07_Switch_Case" name="TC_04" time="9.777"/>
</testsuite> <!-- javaBasic.Topic_07_Switch_Case -->
