<?xml version="1.0" encoding="UTF-8"?>
<!-- Generated by org.testng.reporters.JUnitReportReporter -->
<testsuite hostname="LMVNHCP56KHG3DK6" failures="0" tests="1" name="javaBasic.Topic_08_For_Foreach" time="0.005" errors="0" timestamp="05 Jun 2023 13:30:47 GMT" skipped="0">
  <testcase classname="javaBasic.Topic_08_For_Foreach" name="TC_02_Foreach" time="0.005"/>
</testsuite> <!-- javaBasic.Topic_08_For_Foreach -->
