<?xml version="1.0" encoding="UTF-8"?>
<!-- Generated by org.testng.reporters.JUnitReportReporter -->
<testsuite hostname="LMVNHCP56KHG3DK6" failures="0" tests="5" name="com.nopcommerce.user.Level_02_Apply_BasePage_03_Inheritance" time="36.728" errors="0" timestamp="01 Jul 2023 07:41:11 GMT" skipped="0">
  <testcase classname="com.nopcommerce.user.Level_02_Apply_BasePage_03_Inheritance" name="Register_02_Invalid_Email" time="5.661"/>
  <testcase classname="com.nopcommerce.user.Level_02_Apply_BasePage_03_Inheritance" name="Register_04_Incorrect_Confirm_Password" time="4.995"/>
  <testcase classname="com.nopcommerce.user.Level_02_Apply_BasePage_03_Inheritance" name="Register_03_Invalid_Password" time="5.022"/>
  <testcase classname="com.nopcommerce.user.Level_02_Apply_BasePage_03_Inheritance" name="Register_01_Empty_Data" time="11.753"/>
  <testcase classname="com.nopcommerce.user.Level_02_Apply_BasePage_03_Inheritance" name="Register_05_Success" time="9.297"/>
</testsuite> <!-- com.nopcommerce.user.Level_02_Apply_BasePage_03_Inheritance -->
