<?xml version="1.0" encoding="UTF-8"?>
<!-- Generated by org.testng.reporters.JUnitReportReporter -->
<testsuite hostname="Thanh-Binhs-MBP" failures="0" tests="1" name="com.jquery.table.Level_13_Handle_Data_Table" time="108.660" errors="0" timestamp="13 Aug 2023 03:56:26 GMT" skipped="0">
  <testcase classname="com.jquery.table.Level_13_Handle_Data_Table" name="TC_05_Action_By_Index" time="108.660"/>
</testsuite> <!-- com.jquery.table.Level_13_Handle_Data_Table -->
