<?xml version="1.0" encoding="UTF-8"?>
<!-- Generated by org.testng.reporters.JUnitReportReporter -->
<testsuite hostname="Thanh-Binhs-MBP" failures="0" tests="6" name="com.nopcommerce.user.Level_07_Page_Generator_03" time="10.015" errors="0" timestamp="20 Jul 2023 14:56:30 GMT" skipped="0">
  <testcase classname="com.nopcommerce.user.Level_07_Page_Generator_03" name="Register_06_Verify_Login" time="2.075"/>
  <testcase classname="com.nopcommerce.user.Level_07_Page_Generator_03" name="Register_03_Invalid_Password" time="1.465"/>
  <testcase classname="com.nopcommerce.user.Level_07_Page_Generator_03" name="Register_01_Empty_Data" time="1.075"/>
  <testcase classname="com.nopcommerce.user.Level_07_Page_Generator_03" name="Register_05_Success" time="1.686"/>
  <testcase classname="com.nopcommerce.user.Level_07_Page_Generator_03" name="Register_02_Invalid_Email" time="1.987"/>
  <testcase classname="com.nopcommerce.user.Level_07_Page_Generator_03" name="Register_04_Incorrect_Confirm_Password" time="1.727"/>
</testsuite> <!-- com.nopcommerce.user.Level_07_Page_Generator_03 -->
