<?xml version="1.0" encoding="UTF-8"?>
<!-- Generated by org.testng.reporters.JUnitReportReporter -->
<testsuite hostname="LMVNHCP56KHG3DK6" failures="0" tests="2" name="javaBasic.Topic_06_Condition_Statement" time="8.828" errors="0" timestamp="03 Jun 2023 14:19:34 GMT" skipped="0">
  <testcase classname="javaBasic.Topic_06_Condition_Statement" name="TC_03_If_Else_If_Else" time="3.994"/>
  <testcase classname="javaBasic.Topic_06_Condition_Statement" name="TC_03_If_Else_If_Else" time="4.834"/>
</testsuite> <!-- javaBasic.Topic_06_Condition_Statement -->
