<?xml version="1.0" encoding="UTF-8"?>
<!-- Generated by org.testng.reporters.JUnitReportReporter -->
<testsuite hostname="LMVNHCP56KHG3DK6" failures="0" tests="1" name="javaBasic.Topic_09_While_Do_While" time="0.005" errors="0" timestamp="13 Jun 2023 15:14:56 GMT" skipped="0">
  <testcase classname="javaBasic.Topic_09_While_Do_While" name="TC_06_While" time="0.005"/>
</testsuite> <!-- javaBasic.Topic_09_While_Do_While -->
