<?xml version="1.0" encoding="UTF-8"?>
<!-- Generated by org.testng.reporters.JUnitReportReporter -->
<testsuite hostname="LMVNHCP56KHG3DK6" failures="0" tests="1" name="javaBasic.Topic_11_Array" time="0.004" errors="0" timestamp="17 Jun 2023 09:01:00 GMT" skipped="0">
  <testcase classname="javaBasic.Topic_11_Array" name="TC_06" time="0.004"/>
</testsuite> <!-- javaBasic.Topic_11_Array -->
