<?xml version="1.0" encoding="UTF-8"?>
<!-- Generated by org.testng.reporters.JUnitReportReporter -->
<testsuite hostname="LMVNHCP56KHG3DK6" failures="0" tests="1" name="javaBasic.Topic_12_String_Exercise" time="0.004" errors="0" timestamp="24 Jun 2023 15:01:23 GMT" skipped="0">
  <testcase classname="javaBasic.Topic_12_String_Exercise" name="TC_01" time="0.004"/>
</testsuite> <!-- javaBasic.Topic_12_String_Exercise -->
