<?xml version="1.0" encoding="UTF-8"?>
<!-- Generated by org.testng.reporters.JUnitReportReporter -->
<testsuite hostname="Thanh-Binhs-MBP" failures="0" tests="4" name="com.nopcommerce.user.Level_12_Dynamic_Locator_Rest_Parameter" time="9.903" errors="0" timestamp="06 Aug 2023 04:24:03 GMT" skipped="0">
  <testcase classname="com.nopcommerce.user.Level_12_Dynamic_Locator_Rest_Parameter" name="User_01_Register_Success" time="2.485"/>
  <testcase classname="com.nopcommerce.user.Level_12_Dynamic_Locator_Rest_Parameter" name="User_02_Login_Success" time="2.940"/>
  <testcase classname="com.nopcommerce.user.Level_12_Dynamic_Locator_Rest_Parameter" name="User_03_Switch_Multiple_Page" time="3.400"/>
  <testcase classname="com.nopcommerce.user.Level_12_Dynamic_Locator_Rest_Parameter" name="User_04_Switch_Multiple_Page" time="1.078"/>
</testsuite> <!-- com.nopcommerce.user.Level_12_Dynamic_Locator_Rest_Parameter -->
