<?xml version="1.0" encoding="UTF-8"?>
<!-- Generated by org.testng.reporters.JUnitReportReporter -->
<testsuite hostname="Thanh-Binhs-MBP" failures="0" tests="2" name="com.nopcommerce.user.Level_10_Switch_Page_URL" time="12.131" errors="0" timestamp="03 Aug 2023 15:42:45 GMT" skipped="0">
  <testcase classname="com.nopcommerce.user.Level_10_Switch_Page_URL" name="User_02_Admin_To_User" time="2.538"/>
  <testcase classname="com.nopcommerce.user.Level_10_Switch_Page_URL" name="User_01_To_Admin" time="9.593"/>
</testsuite> <!-- com.nopcommerce.user.Level_10_Switch_Page_URL -->
