<?xml version="1.0" encoding="UTF-8"?>
<!-- Generated by org.testng.reporters.JUnitReportReporter -->
<testsuite hostname="LMVNHCP56KHG3DK6" failures="0" tests="6" name="com.nopcommerce.user.Level_03_Page_Object_Pattern" time="47.456" errors="0" timestamp="01 Jul 2023 08:09:56 GMT" skipped="0">
  <testcase classname="com.nopcommerce.user.Level_03_Page_Object_Pattern" name="Register_06_Verify_Login" time="7.509"/>
  <testcase classname="com.nopcommerce.user.Level_03_Page_Object_Pattern" name="Register_02_Invalid_Email" time="5.526"/>
  <testcase classname="com.nopcommerce.user.Level_03_Page_Object_Pattern" name="Register_01_Empty_Data" time="4.743"/>
  <testcase classname="com.nopcommerce.user.Level_03_Page_Object_Pattern" name="Register_04_Incorrect_Confirm_Password" time="13.840"/>
  <testcase classname="com.nopcommerce.user.Level_03_Page_Object_Pattern" name="Register_03_Invalid_Password" time="10.595"/>
  <testcase classname="com.nopcommerce.user.Level_03_Page_Object_Pattern" name="Register_05_Success" time="5.243"/>
</testsuite> <!-- com.nopcommerce.user.Level_03_Page_Object_Pattern -->
