<?xml version="1.0" encoding="UTF-8"?>
<!-- Generated by org.testng.reporters.JUnitReportReporter -->
<testsuite hostname="LMVNHCP56KHG3DK6" failures="0" tests="5" name="com.nopcommerce.user.Level_02_Apply_BasePage_02_Static" time="39.872" errors="0" timestamp="21 Jun 2023 14:26:34 GMT" skipped="0">
  <testcase classname="com.nopcommerce.user.Level_02_Apply_BasePage_02_Static" name="Register_02_Invalid_Email" time="5.782"/>
  <testcase classname="com.nopcommerce.user.Level_02_Apply_BasePage_02_Static" name="Register_03_Invalid_Password" time="9.976"/>
  <testcase classname="com.nopcommerce.user.Level_02_Apply_BasePage_02_Static" name="Register_04_Incorrect_Confirm_Password" time="3.466"/>
  <testcase classname="com.nopcommerce.user.Level_02_Apply_BasePage_02_Static" name="Register_05_Success" time="7.699"/>
  <testcase classname="com.nopcommerce.user.Level_02_Apply_BasePage_02_Static" name="Register_01_Empty_Data" time="12.949"/>
</testsuite> <!-- com.nopcommerce.user.Level_02_Apply_BasePage_02_Static -->
