<?xml version="1.0" encoding="UTF-8"?>
<!-- Generated by org.testng.reporters.JUnitReportReporter -->
<testsuite hostname="LMVNHCP56KHG3DK6" failures="0" tests="5" name="com.nopcommerce.user.Level_02_Apply_BasePage_01_Initial" time="38.308" errors="0" timestamp="21 Jun 2023 14:26:34 GMT" skipped="0">
  <testcase classname="com.nopcommerce.user.Level_02_Apply_BasePage_01_Initial" name="Register_03_Invalid_Password" time="5.487"/>
  <testcase classname="com.nopcommerce.user.Level_02_Apply_BasePage_01_Initial" name="Register_02_Invalid_Email" time="9.165"/>
  <testcase classname="com.nopcommerce.user.Level_02_Apply_BasePage_01_Initial" name="Register_01_Empty_Data" time="11.786"/>
  <testcase classname="com.nopcommerce.user.Level_02_Apply_BasePage_01_Initial" name="Register_05_Success" time="9.013"/>
  <testcase classname="com.nopcommerce.user.Level_02_Apply_BasePage_01_Initial" name="Register_04_Incorrect_Confirm_Password" time="2.857"/>
</testsuite> <!-- com.nopcommerce.user.Level_02_Apply_BasePage_01_Initial -->
